빌드 시작: 2014-06-03 오전 10:52:12
     1>2 노드의 "C:\Users\김연주\Documents\Visual Studio 2012\Projects\my6\my6\my6.vcxproj" 프로젝트(Build 대상)입니다.
     1>ClCompile:
         C:\Program Files (x86)\Microsoft Visual Studio 11.0\VC\bin\CL.exe /c /ZI /nologo /W3 /WX- /Od /Oy- /D _MBCS /Gm /EHsc /RTC1 /MDd /GS /fp:precise /Zc:wchar_t /Zc:forScope /Fo"Debug\\" /Fd"Debug\vc110.pdb" /Gd /TP /analyze- /errorReport:prompt 11.cpp
         11.cpp
       Link:
         C:\Program Files (x86)\Microsoft Visual Studio 11.0\VC\bin\link.exe /ERRORREPORT:PROMPT /OUT:"C:\Users\김연주\Documents\Visual Studio 2012\Projects\my6\Debug\my6.exe" /INCREMENTAL /NOLOGO kernel32.lib user32.lib gdi32.lib winspool.lib comdlg32.lib advapi32.lib shell32.lib ole32.lib oleaut32.lib uuid.lib odbc32.lib odbccp32.lib /MANIFEST /MANIFESTUAC:"level='asInvoker' uiAccess='false'" /manifest:embed /DEBUG /PDB:"C:\Users\김연주\Documents\Visual Studio 2012\Projects\my6\Debug\my6.pdb" /TLBID:1 /DYNAMICBASE /NXCOMPAT /IMPLIB:"C:\Users\김연주\Documents\Visual Studio 2012\Projects\my6\Debug\my6.lib" /MACHINE:X86 Debug\10.obj
         Debug\11.obj
         Debug\2.obj
         Debug\3.obj
         Debug\4.obj
         Debug\5.obj
         Debug\7.obj
         Debug\1.obj
         Debug\6.obj
         Debug\8.obj
         Debug\9.obj
         my6.vcxproj -> C:\Users\김연주\Documents\Visual Studio 2012\Projects\my6\Debug\my6.exe
     1>"C:\Users\김연주\Documents\Visual Studio 2012\Projects\my6\my6\my6.vcxproj" 프로젝트를 빌드했습니다(Build 대상).

빌드했습니다.

경과 시간: 00:00:00.27
